[02Nov2025 00:01:35.397] [Server thread/INFO] [net.minecraft.server.players.PlayerList/]: sorita[/127.224.89.21:38511] logged in with entity id 44042 at (0.5, 96.0, -3.5)
[02Nov2025 00:01:35.405] [Server thread/INFO] [net.minecraft.server.MinecraftServer/]: sorita joined the game
[02Nov2025 00:01:35.453] [Server thread/INFO] [Jade/]: Syncing config to sorita (b9f9dec2-5bcb-347c-8bb7-69f884719317)
[02Nov2025 00:01:35.457] [Server thread/INFO] [net.minecraft.server.MinecraftServer/]: sorita has made the advancement [Halloween]
[02Nov2025 00:03:55.767] [Server thread/WARN] [net.minecraft.server.level.ServerPlayerGameMode/]: Mismatch in destroy block pos: BlockPos{x=-18, y=95, z=-9} BlockPos{x=-6, y=95, z=-6}
[02Nov2025 00:03:55.812] [Server thread/WARN] [net.minecraft.server.level.ServerPlayerGameMode/]: Mismatch in destroy block pos: BlockPos{x=-18, y=95, z=-9} BlockPos{x=-6, y=95, z=-7}
[02Nov2025 00:03:55.864] [Server thread/WARN] [net.minecraft.server.level.ServerPlayerGameMode/]: Mismatch in destroy block pos: BlockPos{x=-18, y=95, z=-9} BlockPos{x=-7, y=95, z=-6}
[02Nov2025 00:03:57.362] [Server thread/WARN] [net.minecraft.server.level.ServerPlayerGameMode/]: Mismatch in destroy block pos: BlockPos{x=-18, y=95, z=-9} BlockPos{x=0, y=95, z=-1}
[02Nov2025 00:03:57.661] [Server thread/WARN] [net.minecraft.server.level.ServerPlayerGameMode/]: Mismatch in destroy block pos: BlockPos{x=-18, y=95, z=-9} BlockPos{x=1, y=95, z=0}
[02Nov2025 00:04:00.120] [Server thread/WARN] [net.minecraft.server.level.ServerPlayerGameMode/]: Mismatch in destroy block pos: BlockPos{x=-18, y=95, z=-9} BlockPos{x=8, y=93, z=0}
[02Nov2025 00:04:04.915] [Server thread/WARN] [net.minecraft.server.level.ServerPlayerGameMode/]: Mismatch in destroy block pos: BlockPos{x=-18, y=95, z=-9} BlockPos{x=2, y=93, z=5}
[02Nov2025 00:04:05.316] [Server thread/WARN] [net.minecraft.server.level.ServerPlayerGameMode/]: Mismatch in destroy block pos: BlockPos{x=-18, y=95, z=-9} BlockPos{x=1, y=93, z=4}
[02Nov2025 00:04:07.064] [Server thread/WARN] [net.minecraft.server.level.ServerPlayerGameMode/]: Mismatch in destroy block pos: BlockPos{x=-18, y=95, z=-9} BlockPos{x=-6, y=95, z=1}
[02Nov2025 00:04:07.115] [Server thread/WARN] [net.minecraft.server.level.ServerPlayerGameMode/]: Mismatch in destroy block pos: BlockPos{x=-18, y=95, z=-9} BlockPos{x=-7, y=95, z=1}
[02Nov2025 00:04:07.210] [Server thread/WARN] [net.minecraft.server.level.ServerPlayerGameMode/]: Mismatch in destroy block pos: BlockPos{x=-18, y=95, z=-9} BlockPos{x=-6, y=95, z=1}
[02Nov2025 00:04:07.815] [Server thread/WARN] [net.minecraft.server.level.ServerPlayerGameMode/]: Mismatch in destroy block pos: BlockPos{x=-18, y=95, z=-9} BlockPos{x=-7, y=95, z=1}
[02Nov2025 00:04:07.865] [Server thread/WARN] [net.minecraft.server.level.ServerPlayerGameMode/]: Mismatch in destroy block pos: BlockPos{x=-18, y=95, z=-9} BlockPos{x=-7, y=95, z=1}
[02Nov2025 00:04:35.548] [Server thread/INFO] [net.minecraft.server.MinecraftServer/]: [Not Secure] <chrissy_0992> a
[02Nov2025 00:05:08.654] [Server thread/INFO] [net.minecraft.server.MinecraftServer/]: [PAPU_MONO: Teleported sorita to PAPU_MONO]
[02Nov2025 00:05:27.747] [Server thread/INFO] [net.minecraft.server.MinecraftServer/]: sorita has made the advancement [Stone Age]
[02Nov2025 00:09:36.144] [Server thread/INFO] [net.minecraft.server.MinecraftServer/]: sorita has made the advancement [Getting an Upgrade]
[02Nov2025 00:10:14.565] [Server thread/INFO] [net.minecraft.server.MinecraftServer/]: sorita has made the advancement [Suit Up]
[02Nov2025 00:10:58.277] [Server thread/INFO] [net.minecraft.server.MinecraftServer/]: sorita has made the advancement [Sweet Dreams]
[02Nov2025 00:10:58.892] [Server thread/INFO] [net.minecraft.server.network.ServerGamePacketListenerImpl/]: chrissy_0992 lost connection: Disconnected
[02Nov2025 00:10:58.893] [Server thread/INFO] [net.minecraft.server.MinecraftServer/]: chrissy_0992 left the game
[02Nov2025 00:11:12.970] [Server thread/INFO] [net.minecraft.server.players.PlayerList/]: chrissy_0992[/127.92.150.148:33473] logged in with entity id 47269 at (-469.45489287414773, 105.0, 889.4058626355775)
[02Nov2025 00:11:12.982] [Server thread/INFO] [net.minecraft.server.MinecraftServer/]: chrissy_0992 joined the game
[02Nov2025 00:11:13.031] [Server thread/INFO] [Jade/]: Syncing config to chrissy_0992 (10d7c214-a01d-3551-987c-992329a0072a)
[02Nov2025 00:12:07.397] [Server thread/INFO] [net.minecraft.server.MinecraftServer/]: sorita has made the advancement [Safe Haven]
[02Nov2025 00:12:12.771] [Server thread/INFO] [net.minecraft.server.MinecraftServer/]: sorita has made the advancement ['X' Marks the Spot]
[02Nov2025 00:12:14.145] [Server thread/INFO] [net.minecraft.server.MinecraftServer/]: sorita has made the advancement [Acquire Hardware]
[02Nov2025 00:13:24.696] [Server thread/INFO] [net.minecraft.server.MinecraftServer/]: sorita was shot by Pillager
[02Nov2025 00:13:24.698] [Server thread/INFO] [net.minecraft.server.MinecraftServer/]: sorita has made the advancement [Your First Grave]
[02Nov2025 00:13:24.699] [Server thread/INFO] [tombstone/]: The player sorita has successfully been saved
[02Nov2025 00:13:25.212] [Server thread/INFO] [net.minecraft.server.players.PlayerList/]: black_dust[/127.205.189.120:59837] logged in with entity id 47802 at (-732.6951354011026, 69.0, 170.4782697784283)
[02Nov2025 00:13:25.217] [Server thread/INFO] [net.minecraft.server.MinecraftServer/]: black_dust joined the game
[02Nov2025 00:13:25.223] [Server thread/INFO] [Jade/]: Syncing config to black_dust (d503f74b-073d-3d14-8eaf-e095ecf34e93)
[02Nov2025 00:13:26.032] [Server thread/INFO] [net.minecraft.server.MinecraftServer/]: sorita has made the advancement [The Most Useful Key]
[02Nov2025 00:13:31.301] [Server thread/INFO] [net.minecraft.server.MinecraftServer/]: sorita has made the advancement [Knowledge of Death]
[02Nov2025 00:13:31.301] [Server thread/INFO] [net.minecraft.server.MinecraftServer/]: sorita has reached the goal [A Fast Comeback]
[02Nov2025 00:13:33.677] [Server thread/INFO] [net.minecraft.server.MinecraftServer/]: [PAPU_MONO: Teleported black_dust to PAPU_MONO]
[02Nov2025 00:14:17.366] [Server thread/INFO] [net.minecraft.server.MinecraftServer/]: sorita has made the advancement [Ambush]
[02Nov2025 00:14:17.366] [Server thread/INFO] [net.minecraft.server.MinecraftServer/]: sorita has made the advancement [Monster Hunter]
[02Nov2025 00:14:23.413] [Server thread/INFO] [net.minecraft.server.MinecraftServer/]: black_dust has made the advancement [Ashes 'n Bones]
[02Nov2025 00:14:40.070] [Server thread/INFO] [net.minecraft.server.MinecraftServer/]: sorita has made the advancement [Call For Adventure]
[02Nov2025 00:14:42.988] [Server thread/INFO] [net.minecraft.server.MinecraftServer/]: sorita was slain by Vindicator
[02Nov2025 00:14:42.999] [Server thread/INFO] [tombstone/]: The player sorita has successfully been saved
[02Nov2025 00:14:57.489] [Server thread/INFO] [net.minecraft.server.MinecraftServer/]: chrissy_0992 has reached the goal [Strong or Careful]
[02Nov2025 00:14:57.490] [Server thread/INFO] [net.minecraft.server.MinecraftServer/]: chrissy_0992 was slain by Vindicator
[02Nov2025 00:14:57.501] [Server thread/INFO] [tombstone/]: The player chrissy_0992 has successfully been saved
[02Nov2025 00:15:23.688] [Server thread/INFO] [net.minecraft.server.MinecraftServer/]: sorita has reached the goal [Chain Death]
[02Nov2025 00:15:23.689] [Server thread/INFO] [net.minecraft.server.MinecraftServer/]: sorita was slain by Vindicator
[02Nov2025 00:15:23.699] [Server thread/INFO] [tombstone/]: The player sorita has successfully been saved
[02Nov2025 00:15:34.121] [Server thread/INFO] [net.minecraft.server.MinecraftServer/]: sorita has reached the goal [Here They Come]
[02Nov2025 00:15:55.731] [Server thread/WARN] [net.minecraft.server.MinecraftServer/]: Can't keep up! Is the server overloaded? Running 3797ms or 75 ticks behind
[02Nov2025 00:15:55.789] [Server thread/WARN] [net.minecraft.server.network.ServerGamePacketListenerImpl/]: black_dust moved too quickly! -8.536996897667166,-5.0625,-2.313763722398562
[02Nov2025 00:20:33.145] [Server console handler/ERROR] [net.minecraft.server.dedicated.DedicatedServer/]: Caught previously unhandled exception :
java.io.IOError: java.io.IOException: Error executing 'stty -a': 
	at org.jline.terminal.impl.AbstractPosixTerminal.setAttributes(AbstractPosixTerminal.java:54) ~[jline-terminal-3.12.1.jar%2362!/:?]
	at org.jline.reader.impl.LineReaderImpl.readLine(LineReaderImpl.java:650) ~[jline-reader-3.12.1.jar%2361!/:?]
	at org.jline.reader.impl.LineReaderImpl.readLine(LineReaderImpl.java:418) ~[jline-reader-3.12.1.jar%2361!/:?]
	at net.minecraftforge.server.console.TerminalHandler.handleCommands(TerminalHandler.java:46) ~[forge-1.20.1-47.4.0-universal.jar%23192!/:?]
	at net.minecraft.server.dedicated.DedicatedServer$1.run(DedicatedServer.java:84) ~[server-1.20.1-20230612.114412-srg.jar%23187!/:?]
Caused by: java.io.IOException: Error executing 'stty -a': 
	at org.jline.utils.ExecHelper.exec(ExecHelper.java:42) ~[jline-terminal-3.12.1.jar%2362!/:?]
	at org.jline.terminal.impl.ExecPty.doGetConfig(ExecPty.java:175) ~[jline-terminal-3.12.1.jar%2362!/:?]
	at org.jline.terminal.impl.ExecPty.getAttr(ExecPty.java:87) ~[jline-terminal-3.12.1.jar%2362!/:?]
	at org.jline.terminal.impl.ExecPty.doSetAttr(ExecPty.java:93) ~[jline-terminal-3.12.1.jar%2362!/:?]
	at org.jline.terminal.impl.AbstractPty.setAttr(AbstractPty.java:29) ~[jline-terminal-3.12.1.jar%2362!/:?]
	at org.jline.terminal.impl.AbstractPosixTerminal.setAttributes(AbstractPosixTerminal.java:52) ~[jline-terminal-3.12.1.jar%2362!/:?]
	... 4 more
[02Nov2025 00:20:33.154] [Server thread/INFO] [net.minecraft.server.network.ServerGamePacketListenerImpl/]: PAPU_MONO lost connection: Disconnected
[02Nov2025 00:20:33.154] [Server thread/INFO] [net.minecraft.server.MinecraftServer/]: PAPU_MONO left the game
[02Nov2025 00:20:33.160] [Server thread/INFO] [net.minecraft.server.network.ServerGamePacketListenerImpl/]: sorita lost connection: Disconnected
[02Nov2025 00:20:33.160] [Server thread/INFO] [net.minecraft.server.MinecraftServer/]: sorita left the game
[02Nov2025 00:20:33.162] [Server thread/INFO] [net.minecraft.server.network.ServerGamePacketListenerImpl/]: chrissy_0992 lost connection: Disconnected
[02Nov2025 00:20:33.162] [Server thread/INFO] [net.minecraft.server.MinecraftServer/]: chrissy_0992 left the game
[02Nov2025 00:20:33.165] [Server thread/INFO] [net.minecraft.server.network.ServerGamePacketListenerImpl/]: black_dust lost connection: Disconnected
[02Nov2025 00:20:33.165] [Server thread/INFO] [net.minecraft.server.MinecraftServer/]: black_dust left the game
[02Nov2025 00:20:33.185] [Server thread/INFO] [net.minecraft.server.MinecraftServer/]: Stopping server
[02Nov2025 00:20:33.186] [Server thread/INFO] [net.minecraft.server.MinecraftServer/]: Saving players
[02Nov2025 00:20:33.186] [Server thread/INFO] [net.minecraft.server.MinecraftServer/]: Saving worlds
[02Nov2025 00:20:33.887] [Server thread/INFO] [net.minecraft.server.MinecraftServer/]: Saving chunks for level 'ServerLevel[definitivo]'/minecraft:overworld
[02Nov2025 00:20:36.171] [Server thread/INFO] [net.minecraft.server.MinecraftServer/]: Saving chunks for level 'ServerLevel[definitivo]'/minecraft:the_nether
[02Nov2025 00:20:36.172] [Server thread/INFO] [net.minecraft.server.MinecraftServer/]: Saving chunks for level 'ServerLevel[definitivo]'/minecraft:the_end
[02Nov2025 00:20:36.188] [Server thread/INFO] [net.minecraft.server.MinecraftServer/]: ThreadedAnvilChunkStorage (definitivo): All chunks are saved
[02Nov2025 00:20:36.188] [Server thread/INFO] [net.minecraft.server.MinecraftServer/]: ThreadedAnvilChunkStorage (DIM-1): All chunks are saved
[02Nov2025 00:20:36.188] [Server thread/INFO] [net.minecraft.server.MinecraftServer/]: ThreadedAnvilChunkStorage (DIM1): All chunks are saved
[02Nov2025 00:20:36.188] [Server thread/INFO] [net.minecraft.server.MinecraftServer/]: ThreadedAnvilChunkStorage: All dimensions are saved
